<?xml version="1.0" encoding="UTF-8"?>
<!-- Generated by org.testng.reporters.JUnitReportReporter -->
<testsuite skipped="0" hostname="HDC3-D-447RVQL" name="com.bc.qa.testcases.LandingPageTest" tests="3" failures="0" timestamp="24 Apr 2018 10:09:43 GMT" time="14.473" errors="0">
  <testcase name="firstTest" time="3.409" classname="com.bc.qa.testcases.LandingPageTest"/>
  <testcase name="secondTest" time="4.824" classname="com.bc.qa.testcases.LandingPageTest"/>
  <testcase name="addressTest" time="6.240" classname="com.bc.qa.testcases.LandingPageTest"/>
</testsuite> <!-- com.bc.qa.testcases.LandingPageTest -->
